0 info it worked if it ends with ok
1 verbose cli [ 'c:\\Program Files\\nodejs\\node.exe',
1 verbose cli   'c:\\Program Files\\nodejs\\node_modules\\npm\\bin\\npm-cli.js',
1 verbose cli   'start' ]
2 info using npm@4.0.5
3 info using node@v7.4.0
4 verbose run-script [ 'prestart', 'start', 'poststart' ]
5 info lifecycle BOLOFlyerCreatorApp@5.3.1~prestart: BOLOFlyerCreatorApp@5.3.1
6 silly lifecycle BOLOFlyerCreatorApp@5.3.1~prestart: no script for prestart, continuing
7 info lifecycle BOLOFlyerCreatorApp@5.3.1~start: BOLOFlyerCreatorApp@5.3.1
8 verbose lifecycle BOLOFlyerCreatorApp@5.3.1~start: unsafe-perm in lifecycle true
9 verbose lifecycle BOLOFlyerCreatorApp@5.3.1~start: PATH: c:\Program Files\nodejs\node_modules\npm\bin\node-gyp-bin;C:\BOLO-9.0\node_modules\.bin;c:\programdata\oracle\java\javapath;c:\program files\broadcom\broadcom 802.11 network adapter;;c:\windows\system32;c:\windows;c:\windows\system32\wbem;c:\windows\system32\windowspowershell\v1.0\;c:\windows\system32;c:\windows;c:\windows\system32\wbem;c:\windows\system32\windowspowershell\v1.0\;c:\program files\nodejs\;c:\program files\git\cmd;c:\program files (x86)\skype\phone\;c:\program files (x86)\ntp\bin;c:\program files (x86)\streamlink\bin;c:\windows\system32;c:\windows;c:\windows\system32\wbem;c:\windows\system32\windowspowershell\v1.0\;C:\Program Files (x86)\NVIDIA Corporation\PhysX\Common;C:\Program Files (x86)\Calibre2\;C:\Users\Chris\AppData\Local\Programs\Python\Python36-32;C:\Users\Chris\Documents\uget-2.0.10-win32+gtk3\bin;C:\Users\Chris\AppData\Local\atom\bin;%USERPROFILE%\AppData\Local\Microsoft\WindowsApps;
10 verbose lifecycle BOLOFlyerCreatorApp@5.3.1~start: CWD: C:\BOLO-9.0
11 silly lifecycle BOLOFlyerCreatorApp@5.3.1~start: Args: [ '/d /s /c', 'node ./src/web/app.js' ]
12 silly lifecycle BOLOFlyerCreatorApp@5.3.1~start: Returned: code: 1  signal: null
13 info lifecycle BOLOFlyerCreatorApp@5.3.1~start: Failed to exec start script
14 verbose stack Error: BOLOFlyerCreatorApp@5.3.1 start: `node ./src/web/app.js`
14 verbose stack Exit status 1
14 verbose stack     at EventEmitter.<anonymous> (c:\Program Files\nodejs\node_modules\npm\lib\utils\lifecycle.js:279:16)
14 verbose stack     at emitTwo (events.js:106:13)
14 verbose stack     at EventEmitter.emit (events.js:191:7)
14 verbose stack     at ChildProcess.<anonymous> (c:\Program Files\nodejs\node_modules\npm\lib\utils\spawn.js:40:14)
14 verbose stack     at emitTwo (events.js:106:13)
14 verbose stack     at ChildProcess.emit (events.js:191:7)
14 verbose stack     at maybeClose (internal/child_process.js:885:16)
14 verbose stack     at Process.ChildProcess._handle.onexit (internal/child_process.js:226:5)
15 verbose pkgid BOLOFlyerCreatorApp@5.3.1
16 verbose cwd C:\BOLO-9.0
17 error Windows_NT 10.0.16299
18 error argv "c:\\Program Files\\nodejs\\node.exe" "c:\\Program Files\\nodejs\\node_modules\\npm\\bin\\npm-cli.js" "start"
19 error node v7.4.0
20 error npm  v4.0.5
21 error code ELIFECYCLE
22 error BOLOFlyerCreatorApp@5.3.1 start: `node ./src/web/app.js`
22 error Exit status 1
23 error Failed at the BOLOFlyerCreatorApp@5.3.1 start script 'node ./src/web/app.js'.
23 error Make sure you have the latest version of node.js and npm installed.
23 error If you do, this is most likely a problem with the BOLOFlyerCreatorApp package,
23 error not with npm itself.
23 error Tell the author that this fails on your system:
23 error     node ./src/web/app.js
23 error You can get information on how to open an issue for this project with:
23 error     npm bugs BOLOFlyerCreatorApp
23 error Or if that isn't available, you can get their info via:
23 error     npm owner ls BOLOFlyerCreatorApp
23 error There is likely additional logging output above.
24 verbose exit [ 1, true ]
