0 info it worked if it ends with ok
1 verbose cli [ 'C:\\Program Files (x86)\\nodejs\\node.exe',
1 verbose cli   'C:\\Program Files (x86)\\nodejs\\node_modules\\npm\\bin\\npm-cli.js',
1 verbose cli   'start' ]
2 info using npm@3.10.10
3 info using node@v6.11.2
4 verbose run-script [ 'prestart', 'start', 'poststart' ]
5 info lifecycle BOLOFlyerCreatorApp@5.3.1~prestart: BOLOFlyerCreatorApp@5.3.1
6 silly lifecycle BOLOFlyerCreatorApp@5.3.1~prestart: no script for prestart, continuing
7 info lifecycle BOLOFlyerCreatorApp@5.3.1~start: BOLOFlyerCreatorApp@5.3.1
8 verbose lifecycle BOLOFlyerCreatorApp@5.3.1~start: unsafe-perm in lifecycle true
9 verbose lifecycle BOLOFlyerCreatorApp@5.3.1~start: PATH: C:\Program Files (x86)\nodejs\node_modules\npm\bin\node-gyp-bin;C:\Users\Nicholas\Desktop\BOLO-8.0\node_modules\.bin;C:\ProgramData\Oracle\Java\javapath;C:\Program Files (x86)\Intel\iCLS Client\;C:\Program Files\Intel\iCLS Client\;C:\WINDOWS\system32;C:\WINDOWS;C:\WINDOWS\System32\Wbem;C:\WINDOWS\System32\WindowsPowerShell\v1.0\;C:\Program Files\Hewlett-Packard\SimplePass\;C:\Program Files\Intel\Intel(R) Management Engine Components\DAL;C:\Program Files\Intel\Intel(R) Management Engine Components\IPT;C:\Program Files (x86)\Intel\Intel(R) Management Engine Components\DAL;C:\Program Files (x86)\Intel\Intel(R) Management Engine Components\IPT;C:\Program Files\Intel\WiFi\bin\;C:\Program Files\Common Files\Intel\WirelessCommon\;C:\WINDOWS\system32\config\systemprofile\.dnx\bin;C:\Program Files\Microsoft DNX\Dnvm\;C:\Program Files\Microsoft SQL Server\120\Tools\Binn\;C:\Program Files\Microsoft SQL Server\130\Tools\Binn\;C:\Program Files (x86)\Windows Kits\10\Windows Performance Toolkit\;C:\Program Files\Microsoft SQL Server\Client SDK\ODBC\130\Tools\Binn\;C:\Program Files (x86)\Microsoft SQL Server\130\Tools\Binn\;C:\Program Files\Microsoft SQL Server\130\DTS\Binn\;C:\Program Files (x86)\Microsoft SQL Server\Client SDK\ODBC\130\Tools\Binn\;C:\Program Files (x86)\Microsoft SQL Server\130\DTS\Binn\;C:\Program Files (x86)\Microsoft SQL Server\130\Tools\Binn\ManagementStudio\;C:\Program Files (x86)\BaseX\bin;C:\Program Files (x86)\nodejs\;C:\Program Files\Git\cmd;C:\Program Files\Bandizip\;C:\Users\Nicholas\AppData\Roaming\npm;C:\Users\Nicholas\AppData\Local\atom\bin
10 verbose lifecycle BOLOFlyerCreatorApp@5.3.1~start: CWD: C:\Users\Nicholas\Desktop\BOLO-8.0
11 silly lifecycle BOLOFlyerCreatorApp@5.3.1~start: Args: [ '/d /s /c', 'node ./src/web/app.js' ]
12 silly lifecycle BOLOFlyerCreatorApp@5.3.1~start: Returned: code: 1  signal: null
13 info lifecycle BOLOFlyerCreatorApp@5.3.1~start: Failed to exec start script
14 verbose stack Error: BOLOFlyerCreatorApp@5.3.1 start: `node ./src/web/app.js`
14 verbose stack Exit status 1
14 verbose stack     at EventEmitter.<anonymous> (C:\Program Files (x86)\nodejs\node_modules\npm\lib\utils\lifecycle.js:255:16)
14 verbose stack     at emitTwo (events.js:106:13)
14 verbose stack     at EventEmitter.emit (events.js:191:7)
14 verbose stack     at ChildProcess.<anonymous> (C:\Program Files (x86)\nodejs\node_modules\npm\lib\utils\spawn.js:40:14)
14 verbose stack     at emitTwo (events.js:106:13)
14 verbose stack     at ChildProcess.emit (events.js:191:7)
14 verbose stack     at maybeClose (internal/child_process.js:891:16)
14 verbose stack     at Process.ChildProcess._handle.onexit (internal/child_process.js:226:5)
15 verbose pkgid BOLOFlyerCreatorApp@5.3.1
16 verbose cwd C:\Users\Nicholas\Desktop\BOLO-8.0\src
17 error Windows_NT 6.3.9600
18 error argv "C:\\Program Files (x86)\\nodejs\\node.exe" "C:\\Program Files (x86)\\nodejs\\node_modules\\npm\\bin\\npm-cli.js" "start"
19 error node v6.11.2
20 error npm  v3.10.10
21 error code ELIFECYCLE
22 error BOLOFlyerCreatorApp@5.3.1 start: `node ./src/web/app.js`
22 error Exit status 1
23 error Failed at the BOLOFlyerCreatorApp@5.3.1 start script 'node ./src/web/app.js'.
23 error Make sure you have the latest version of node.js and npm installed.
23 error If you do, this is most likely a problem with the BOLOFlyerCreatorApp package,
23 error not with npm itself.
23 error Tell the author that this fails on your system:
23 error     node ./src/web/app.js
23 error You can get information on how to open an issue for this project with:
23 error     npm bugs BOLOFlyerCreatorApp
23 error Or if that isn't available, you can get their info via:
23 error     npm owner ls BOLOFlyerCreatorApp
23 error There is likely additional logging output above.
24 verbose exit [ 1, true ]
